Started GET "/" for ::1 at 2020-05-30 15:06:25 +0530
Processing by Rails::WelcomeController#index as HTML
  Rendering C:/RailsInstaller/Ruby2.3.3/lib/ruby/gems/2.3.0/gems/railties-5.1.7/lib/rails/templates/rails/welcome/index.html.erb
  Rendered C:/RailsInstaller/Ruby2.3.3/lib/ruby/gems/2.3.0/gems/railties-5.1.7/lib/rails/templates/rails/welcome/index.html.erb (7.0ms)
Completed 200 OK in 389ms (Views: 48.6ms)


Started GET "/" for ::1 at 2020-05-30 15:16:55 +0530
Processing by Rails::WelcomeController#index as HTML
  Rendering C:/RailsInstaller/Ruby2.3.3/lib/ruby/gems/2.3.0/gems/railties-5.1.7/lib/rails/templates/rails/welcome/index.html.erb
  Rendered C:/RailsInstaller/Ruby2.3.3/lib/ruby/gems/2.3.0/gems/railties-5.1.7/lib/rails/templates/rails/welcome/index.html.erb (4.0ms)
Completed 200 OK in 81ms (Views: 42.1ms)


Started GET "/" for ::1 at 2020-05-30 15:22:38 +0530
Processing by Rails::WelcomeController#index as HTML
  Rendering C:/RailsInstaller/Ruby2.3.3/lib/ruby/gems/2.3.0/gems/railties-5.1.7/lib/rails/templates/rails/welcome/index.html.erb
  Rendered C:/RailsInstaller/Ruby2.3.3/lib/ruby/gems/2.3.0/gems/railties-5.1.7/lib/rails/templates/rails/welcome/index.html.erb (5.0ms)
Completed 200 OK in 79ms (Views: 41.0ms)


Started GET "/" for ::1 at 2020-05-30 15:22:49 +0530
Processing by Rails::WelcomeController#index as HTML
  Rendering C:/RailsInstaller/Ruby2.3.3/lib/ruby/gems/2.3.0/gems/railties-5.1.7/lib/rails/templates/rails/welcome/index.html.erb
  Rendered C:/RailsInstaller/Ruby2.3.3/lib/ruby/gems/2.3.0/gems/railties-5.1.7/lib/rails/templates/rails/welcome/index.html.erb (5.0ms)
Completed 200 OK in 81ms (Views: 41.3ms)


Started GET "/" for ::1 at 2020-05-30 15:22:52 +0530
Processing by Rails::WelcomeController#index as HTML
  Rendering C:/RailsInstaller/Ruby2.3.3/lib/ruby/gems/2.3.0/gems/railties-5.1.7/lib/rails/templates/rails/welcome/index.html.erb
  Rendered C:/RailsInstaller/Ruby2.3.3/lib/ruby/gems/2.3.0/gems/railties-5.1.7/lib/rails/templates/rails/welcome/index.html.erb (5.0ms)
Completed 200 OK in 84ms (Views: 42.9ms)


  [1m[35m (0.0ms)[0m  [1m[34mSELECT sqlite_version(*)[0m
  [1m[35m (11.1ms)[0m  [1m[35mCREATE TABLE "schema_migrations" ("version" varchar NOT NULL PRIMARY KEY)[0m
  [1m[35m (11.0ms)[0m  [1m[35mCREATE TABLE "ar_internal_metadata" ("key" varchar NOT NULL PRIMARY KEY, "value" varchar, "created_at" datetime NOT NULL, "updated_at" datetime NOT NULL)[0m
  [1m[35m (0.0ms)[0m  [1m[34mSELECT "schema_migrations"."version" FROM "schema_migrations" ORDER BY "schema_migrations"."version" ASC[0m
Migrating to CreateBookmarks (20200530095350)
  [1m[35m (0.0ms)[0m  [1m[36mbegin transaction[0m
  [1m[35m (2.0ms)[0m  [1m[35mCREATE TABLE "bookmarks" ("id" INTEGER PRIMARY KEY AUTOINCREMENT NOT NULL, "title" varchar, "url" varchar, "created_at" datetime NOT NULL, "updated_at" datetime NOT NULL)[0m
  [1m[35mSQL (1.0ms)[0m  [1m[32mINSERT INTO "schema_migrations" ("version") VALUES (?)[0m  [["version", "20200530095350"]]
  [1m[35m (9.0ms)[0m  [1m[36mcommit transaction[0m
  [1m[36mActiveRecord::InternalMetadata Load (0.0ms)[0m  [1m[34mSELECT  "ar_internal_metadata".* FROM "ar_internal_metadata" WHERE "ar_internal_metadata"."key" = ? LIMIT ?[0m  [["key", "environment"], ["LIMIT", 1]]
  [1m[35m (0.0ms)[0m  [1m[36mbegin transaction[0m
  [1m[35mSQL (1.0ms)[0m  [1m[32mINSERT INTO "ar_internal_metadata" ("key", "value", "created_at", "updated_at") VALUES (?, ?, ?, ?)[0m  [["key", "environment"], ["value", "development"], ["created_at", "2020-05-30 09:57:23.290503"], ["updated_at", "2020-05-30 09:57:23.290503"]]
  [1m[35m (9.1ms)[0m  [1m[36mcommit transaction[0m
  [1m[35m (0.0ms)[0m  [1m[34mSELECT "schema_migrations"."version" FROM "schema_migrations" ORDER BY "schema_migrations"."version" ASC[0m
  [1m[35m (0.0ms)[0m  [1m[36mbegin transaction[0m
  [1m[35mSQL (1.0ms)[0m  [1m[32mINSERT INTO "bookmarks" ("title", "url", "created_at", "updated_at") VALUES (?, ?, ?, ?)[0m  [["title", "Hello bookmark App"], ["url", "http://localhost:3000"], ["created_at", "2020-05-30 10:02:36.558287"], ["updated_at", "2020-05-30 10:02:36.558287"]]
  [1m[35m (9.5ms)[0m  [1m[36mcommit transaction[0m
  [1m[35m (0.0ms)[0m  [1m[34mSELECT COUNT(*) FROM "bookmarks"[0m
  [1m[35m (0.0ms)[0m  [1m[36mbegin transaction[0m
  [1m[35mSQL (1.0ms)[0m  [1m[32mINSERT INTO "bookmarks" ("title", "url", "created_at", "updated_at") VALUES (?, ?, ?, ?)[0m  [["title", "Hello bookmark App nEW"], ["url", "http://localhost:3000"], ["created_at", "2020-05-30 10:03:52.011458"], ["updated_at", "2020-05-30 10:03:52.011458"]]
  [1m[35m (10.1ms)[0m  [1m[36mcommit transaction[0m
  [1m[35m (0.0ms)[0m  [1m[34mSELECT COUNT(*) FROM "bookmarks"[0m
Started GET "/bookmarks" for ::1 at 2020-05-30 15:49:46 +0530
  [1m[35m (0.0ms)[0m  [1m[34mSELECT "schema_migrations"."version" FROM "schema_migrations" ORDER BY "schema_migrations"."version" ASC[0m
Processing by BookmarksController#index as HTML
  Rendering bookmarks/index.html.erb within layouts/application
  [1m[36mBookmark Load (0.0ms)[0m  [1m[34mSELECT "bookmarks".* FROM "bookmarks"[0m
  Rendered bookmarks/index.html.erb within layouts/application (18.0ms)
Completed 500 Internal Server Error in 2332ms (ActiveRecord: 2.0ms)


  
ActionView::Template::Error (TypeError: Object doesn't support this property or method):
    4:     <title>Bookmarks</title>
    5:     <%= csrf_meta_tags %>
    6: 
    7:     <%= stylesheet_link_tag    'application', media: 'all', 'data-turbolinks-track': 'reload' %>
    8:     <%= javascript_include_tag 'application', 'data-turbolinks-track': 'reload' %>
    9:   </head>
   10: 
  
app/views/layouts/application.html.erb:7:in `_app_views_layouts_application_html_erb___89692438_45523848'
Started GET "/bookmark.json" for ::1 at 2020-05-30 15:51:41 +0530
  
ActionController::RoutingError (No route matches [GET] "/bookmark.json"):
  
actionpack (5.1.7) lib/action_dispatch/middleware/debug_exceptions.rb:63:in `call'
web-console (3.7.0) lib/web_console/middleware.rb:135:in `call_app'
web-console (3.7.0) lib/web_console/middleware.rb:30:in `block in call'
web-console (3.7.0) lib/web_console/middleware.rb:20:in `catch'
web-console (3.7.0) lib/web_console/middleware.rb:20:in `call'
actionpack (5.1.7) lib/action_dispatch/middleware/show_exceptions.rb:31:in `call'
railties (5.1.7) lib/rails/rack/logger.rb:36:in `call_app'
railties (5.1.7) lib/rails/rack/logger.rb:24:in `block in call'
activesupport (5.1.7) lib/active_support/tagged_logging.rb:69:in `block in tagged'
activesupport (5.1.7) lib/active_support/tagged_logging.rb:26:in `tagged'
activesupport (5.1.7) lib/active_support/tagged_logging.rb:69:in `tagged'
railties (5.1.7) lib/rails/rack/logger.rb:24:in `call'
sprockets-rails (3.2.1) lib/sprockets/rails/quiet_assets.rb:13:in `call'
actionpack (5.1.7) lib/action_dispatch/middleware/remote_ip.rb:79:in `call'
actionpack (5.1.7) lib/action_dispatch/middleware/request_id.rb:25:in `call'
rack (2.2.2) lib/rack/method_override.rb:24:in `call'
rack (2.2.2) lib/rack/runtime.rb:22:in `call'
activesupport (5.1.7) lib/active_support/cache/strategy/local_cache_middleware.rb:27:in `call'
actionpack (5.1.7) lib/action_dispatch/middleware/executor.rb:12:in `call'
actionpack (5.1.7) lib/action_dispatch/middleware/static.rb:125:in `call'
rack (2.2.2) lib/rack/sendfile.rb:110:in `call'
railties (5.1.7) lib/rails/engine.rb:522:in `call'
puma (3.12.6) lib/puma/configuration.rb:227:in `call'
puma (3.12.6) lib/puma/server.rb:706:in `handle_request'
puma (3.12.6) lib/puma/server.rb:476:in `process_client'
puma (3.12.6) lib/puma/server.rb:334:in `block in run'
puma (3.12.6) lib/puma/thread_pool.rb:135:in `block in spawn_thread'
Started GET "/bookmark/id/1" for ::1 at 2020-05-30 15:52:51 +0530
  
ActionController::RoutingError (No route matches [GET] "/bookmark/id/1"):
  
actionpack (5.1.7) lib/action_dispatch/middleware/debug_exceptions.rb:63:in `call'
web-console (3.7.0) lib/web_console/middleware.rb:135:in `call_app'
web-console (3.7.0) lib/web_console/middleware.rb:30:in `block in call'
web-console (3.7.0) lib/web_console/middleware.rb:20:in `catch'
web-console (3.7.0) lib/web_console/middleware.rb:20:in `call'
actionpack (5.1.7) lib/action_dispatch/middleware/show_exceptions.rb:31:in `call'
railties (5.1.7) lib/rails/rack/logger.rb:36:in `call_app'
railties (5.1.7) lib/rails/rack/logger.rb:24:in `block in call'
activesupport (5.1.7) lib/active_support/tagged_logging.rb:69:in `block in tagged'
activesupport (5.1.7) lib/active_support/tagged_logging.rb:26:in `tagged'
activesupport (5.1.7) lib/active_support/tagged_logging.rb:69:in `tagged'
railties (5.1.7) lib/rails/rack/logger.rb:24:in `call'
sprockets-rails (3.2.1) lib/sprockets/rails/quiet_assets.rb:13:in `call'
actionpack (5.1.7) lib/action_dispatch/middleware/remote_ip.rb:79:in `call'
actionpack (5.1.7) lib/action_dispatch/middleware/request_id.rb:25:in `call'
rack (2.2.2) lib/rack/method_override.rb:24:in `call'
rack (2.2.2) lib/rack/runtime.rb:22:in `call'
activesupport (5.1.7) lib/active_support/cache/strategy/local_cache_middleware.rb:27:in `call'
actionpack (5.1.7) lib/action_dispatch/middleware/executor.rb:12:in `call'
actionpack (5.1.7) lib/action_dispatch/middleware/static.rb:125:in `call'
rack (2.2.2) lib/rack/sendfile.rb:110:in `call'
railties (5.1.7) lib/rails/engine.rb:522:in `call'
puma (3.12.6) lib/puma/configuration.rb:227:in `call'
puma (3.12.6) lib/puma/server.rb:706:in `handle_request'
puma (3.12.6) lib/puma/server.rb:476:in `process_client'
puma (3.12.6) lib/puma/server.rb:334:in `block in run'
puma (3.12.6) lib/puma/thread_pool.rb:135:in `block in spawn_thread'
Started GET "/bookmark/" for ::1 at 2020-05-30 15:53:17 +0530
  
ActionController::RoutingError (No route matches [GET] "/bookmark"):
  
actionpack (5.1.7) lib/action_dispatch/middleware/debug_exceptions.rb:63:in `call'
web-console (3.7.0) lib/web_console/middleware.rb:135:in `call_app'
web-console (3.7.0) lib/web_console/middleware.rb:30:in `block in call'
web-console (3.7.0) lib/web_console/middleware.rb:20:in `catch'
web-console (3.7.0) lib/web_console/middleware.rb:20:in `call'
actionpack (5.1.7) lib/action_dispatch/middleware/show_exceptions.rb:31:in `call'
railties (5.1.7) lib/rails/rack/logger.rb:36:in `call_app'
railties (5.1.7) lib/rails/rack/logger.rb:24:in `block in call'
activesupport (5.1.7) lib/active_support/tagged_logging.rb:69:in `block in tagged'
activesupport (5.1.7) lib/active_support/tagged_logging.rb:26:in `tagged'
activesupport (5.1.7) lib/active_support/tagged_logging.rb:69:in `tagged'
railties (5.1.7) lib/rails/rack/logger.rb:24:in `call'
sprockets-rails (3.2.1) lib/sprockets/rails/quiet_assets.rb:13:in `call'
actionpack (5.1.7) lib/action_dispatch/middleware/remote_ip.rb:79:in `call'
actionpack (5.1.7) lib/action_dispatch/middleware/request_id.rb:25:in `call'
rack (2.2.2) lib/rack/method_override.rb:24:in `call'
rack (2.2.2) lib/rack/runtime.rb:22:in `call'
activesupport (5.1.7) lib/active_support/cache/strategy/local_cache_middleware.rb:27:in `call'
actionpack (5.1.7) lib/action_dispatch/middleware/executor.rb:12:in `call'
actionpack (5.1.7) lib/action_dispatch/middleware/static.rb:125:in `call'
rack (2.2.2) lib/rack/sendfile.rb:110:in `call'
railties (5.1.7) lib/rails/engine.rb:522:in `call'
puma (3.12.6) lib/puma/configuration.rb:227:in `call'
puma (3.12.6) lib/puma/server.rb:706:in `handle_request'
puma (3.12.6) lib/puma/server.rb:476:in `process_client'
puma (3.12.6) lib/puma/server.rb:334:in `block in run'
puma (3.12.6) lib/puma/thread_pool.rb:135:in `block in spawn_thread'
Started GET "/bookmark/:id/1" for ::1 at 2020-05-30 15:53:46 +0530
  
ActionController::RoutingError (No route matches [GET] "/bookmark/:id/1"):
  
actionpack (5.1.7) lib/action_dispatch/middleware/debug_exceptions.rb:63:in `call'
web-console (3.7.0) lib/web_console/middleware.rb:135:in `call_app'
web-console (3.7.0) lib/web_console/middleware.rb:30:in `block in call'
web-console (3.7.0) lib/web_console/middleware.rb:20:in `catch'
web-console (3.7.0) lib/web_console/middleware.rb:20:in `call'
actionpack (5.1.7) lib/action_dispatch/middleware/show_exceptions.rb:31:in `call'
railties (5.1.7) lib/rails/rack/logger.rb:36:in `call_app'
railties (5.1.7) lib/rails/rack/logger.rb:24:in `block in call'
activesupport (5.1.7) lib/active_support/tagged_logging.rb:69:in `block in tagged'
activesupport (5.1.7) lib/active_support/tagged_logging.rb:26:in `tagged'
activesupport (5.1.7) lib/active_support/tagged_logging.rb:69:in `tagged'
railties (5.1.7) lib/rails/rack/logger.rb:24:in `call'
sprockets-rails (3.2.1) lib/sprockets/rails/quiet_assets.rb:13:in `call'
actionpack (5.1.7) lib/action_dispatch/middleware/remote_ip.rb:79:in `call'
actionpack (5.1.7) lib/action_dispatch/middleware/request_id.rb:25:in `call'
rack (2.2.2) lib/rack/method_override.rb:24:in `call'
rack (2.2.2) lib/rack/runtime.rb:22:in `call'
activesupport (5.1.7) lib/active_support/cache/strategy/local_cache_middleware.rb:27:in `call'
actionpack (5.1.7) lib/action_dispatch/middleware/executor.rb:12:in `call'
actionpack (5.1.7) lib/action_dispatch/middleware/static.rb:125:in `call'
rack (2.2.2) lib/rack/sendfile.rb:110:in `call'
railties (5.1.7) lib/rails/engine.rb:522:in `call'
puma (3.12.6) lib/puma/configuration.rb:227:in `call'
puma (3.12.6) lib/puma/server.rb:706:in `handle_request'
puma (3.12.6) lib/puma/server.rb:476:in `process_client'
puma (3.12.6) lib/puma/server.rb:334:in `block in run'
puma (3.12.6) lib/puma/thread_pool.rb:135:in `block in spawn_thread'
Started GET "/bookmarks" for ::1 at 2020-05-30 15:59:00 +0530
Processing by BookmarksController#index as HTML
  Rendering bookmarks/index.html.erb within layouts/application
  [1m[36mBookmark Load (0.0ms)[0m  [1m[34mSELECT "bookmarks".* FROM "bookmarks"[0m
  Rendered bookmarks/index.html.erb within layouts/application (6.0ms)
Completed 500 Internal Server Error in 673ms (ActiveRecord: 0.0ms)


  
ActionView::Template::Error (TypeError: Object doesn't support this property or method):
    4:     <title>Bookmarks</title>
    5:     <%= csrf_meta_tags %>
    6: 
    7:     <%= stylesheet_link_tag    'application', media: 'all', 'data-turbolinks-track': 'reload' %>
    8:     <%= javascript_include_tag 'application', 'data-turbolinks-track': 'reload' %>
    9:   </head>
   10: 
  
app/views/layouts/application.html.erb:7:in `_app_views_layouts_application_html_erb___89692438_84001584'
Started GET "/bookmarks" for ::1 at 2020-05-30 16:00:19 +0530
Processing by BookmarksController#index as HTML
  Rendering bookmarks/index.html.erb within layouts/application
  [1m[36mBookmark Load (0.0ms)[0m  [1m[34mSELECT "bookmarks".* FROM "bookmarks"[0m
  Rendered bookmarks/index.html.erb within layouts/application (3.7ms)
Completed 500 Internal Server Error in 665ms (ActiveRecord: 0.0ms)


  
ActionView::Template::Error (TypeError: Object doesn't support this property or method):
    3:   <head>
    4:     <title>Bookmarks</title>
    5:     <%= csrf_meta_tags %>
    6:     <%= javascript_include_tag 'application', 'data-turbolinks-track': 'reload' %>
    7:   </head>
    8: 
    9:   <body>
  
app/views/layouts/application.html.erb:6:in `_app_views_layouts_application_html_erb___89692438_79514316'
Started GET "/bookmarks" for ::1 at 2020-05-30 16:00:50 +0530
Processing by BookmarksController#index as HTML
  Rendering bookmarks/index.html.erb within layouts/application
  [1m[36mBookmark Load (0.0ms)[0m  [1m[34mSELECT "bookmarks".* FROM "bookmarks"[0m
  Rendered bookmarks/index.html.erb within layouts/application (4.0ms)
Completed 200 OK in 78ms (Views: 55.5ms | ActiveRecord: 0.0ms)


Started GET "/bookmarks/new" for ::1 at 2020-05-30 16:00:56 +0530
Processing by BookmarksController#new as HTML
  Rendering bookmarks/new.html.erb within layouts/application
  Rendered bookmarks/_form.html.erb (13.0ms)
  Rendered bookmarks/new.html.erb within layouts/application (32.1ms)
Completed 200 OK in 100ms (Views: 81.8ms | ActiveRecord: 0.0ms)


Started POST "/bookmarks" for ::1 at 2020-05-30 16:01:12 +0530
Processing by BookmarksController#create as HTML
  Parameters: {"utf8"=>"✓", "authenticity_token"=>"pA/Z8jldXkne3jM+PX3Df0veFcGBHf4V8oQHty75AotRKFMSXQfdVhrcSkyqnogZwbI/czLa3t2RyCDx6Q2Omg==", "commit"=>"Create Bookmark"}
  [1m[35m (0.0ms)[0m  [1m[36mbegin transaction[0m
  [1m[35mSQL (1.0ms)[0m  [1m[32mINSERT INTO "bookmarks" ("created_at", "updated_at") VALUES (?, ?)[0m  [["created_at", "2020-05-30 10:31:12.883529"], ["updated_at", "2020-05-30 10:31:12.883529"]]
  [1m[35m (10.4ms)[0m  [1m[36mcommit transaction[0m
Redirected to http://localhost:3000/bookmarks/3
Completed 302 Found in 21ms (ActiveRecord: 11.4ms)


Started GET "/bookmarks/3" for ::1 at 2020-05-30 16:01:12 +0530
Processing by BookmarksController#show as HTML
  Parameters: {"id"=>"3"}
  [1m[36mBookmark Load (1.0ms)[0m  [1m[34mSELECT  "bookmarks".* FROM "bookmarks" WHERE "bookmarks"."id" = ? LIMIT ?[0m  [["id", 3], ["LIMIT", 1]]
  Rendering bookmarks/show.html.erb within layouts/application
  Rendered bookmarks/show.html.erb within layouts/application (1.0ms)
Completed 200 OK in 78ms (Views: 54.1ms | ActiveRecord: 1.0ms)


Started GET "/bookmarks" for ::1 at 2020-05-30 16:01:15 +0530
Processing by BookmarksController#index as HTML
  Rendering bookmarks/index.html.erb within layouts/application
  [1m[36mBookmark Load (0.0ms)[0m  [1m[34mSELECT "bookmarks".* FROM "bookmarks"[0m
  Rendered bookmarks/index.html.erb within layouts/application (3.8ms)
Completed 200 OK in 78ms (Views: 55.8ms | ActiveRecord: 0.0ms)


Started GET "/bookmarks/3" for ::1 at 2020-05-30 16:01:18 +0530
Processing by BookmarksController#show as HTML
  Parameters: {"id"=>"3"}
  [1m[36mBookmark Load (0.0ms)[0m  [1m[34mSELECT  "bookmarks".* FROM "bookmarks" WHERE "bookmarks"."id" = ? LIMIT ?[0m  [["id", 3], ["LIMIT", 1]]
  Rendering bookmarks/show.html.erb within layouts/application
  Rendered bookmarks/show.html.erb within layouts/application (1.0ms)
Completed 200 OK in 68ms (Views: 49.0ms | ActiveRecord: 0.0ms)


Started GET "/bookmarks/3/edit" for ::1 at 2020-05-30 16:01:20 +0530
Processing by BookmarksController#edit as HTML
  Parameters: {"id"=>"3"}
  [1m[36mBookmark Load (0.0ms)[0m  [1m[34mSELECT  "bookmarks".* FROM "bookmarks" WHERE "bookmarks"."id" = ? LIMIT ?[0m  [["id", 3], ["LIMIT", 1]]
  Rendering bookmarks/edit.html.erb within layouts/application
  Rendered bookmarks/_form.html.erb (2.0ms)
  Rendered bookmarks/edit.html.erb within layouts/application (19.1ms)
Completed 200 OK in 89ms (Views: 69.5ms | ActiveRecord: 0.0ms)


Started PATCH "/bookmarks/3" for ::1 at 2020-05-30 16:01:22 +0530
Processing by BookmarksController#update as HTML
  Parameters: {"utf8"=>"✓", "authenticity_token"=>"HI4KR4nSgBTVKVtne6uM7xvVOrn3vGnTDtjVBY6D17y3fISpWUzZRp+CJbCBlpzY0gqpxQ//hiPf/IKbJIZCKg==", "commit"=>"Update Bookmark", "id"=>"3"}
  [1m[36mBookmark Load (1.0ms)[0m  [1m[34mSELECT  "bookmarks".* FROM "bookmarks" WHERE "bookmarks"."id" = ? LIMIT ?[0m  [["id", 3], ["LIMIT", 1]]
  [1m[35m (0.0ms)[0m  [1m[36mbegin transaction[0m
  [1m[35m (0.0ms)[0m  [1m[36mcommit transaction[0m
Redirected to http://localhost:3000/bookmarks/3
Completed 302 Found in 11ms (ActiveRecord: 1.0ms)


Started GET "/bookmarks/3" for ::1 at 2020-05-30 16:01:22 +0530
Processing by BookmarksController#show as HTML
  Parameters: {"id"=>"3"}
  [1m[36mBookmark Load (0.0ms)[0m  [1m[34mSELECT  "bookmarks".* FROM "bookmarks" WHERE "bookmarks"."id" = ? LIMIT ?[0m  [["id", 3], ["LIMIT", 1]]
  Rendering bookmarks/show.html.erb within layouts/application
  Rendered bookmarks/show.html.erb within layouts/application (1.0ms)
Completed 200 OK in 73ms (Views: 49.4ms | ActiveRecord: 0.0ms)


Started GET "/bookmarks" for ::1 at 2020-05-30 16:01:23 +0530
Processing by BookmarksController#index as HTML
  Rendering bookmarks/index.html.erb within layouts/application
  [1m[36mBookmark Load (0.0ms)[0m  [1m[34mSELECT "bookmarks".* FROM "bookmarks"[0m
  Rendered bookmarks/index.html.erb within layouts/application (4.0ms)
Completed 200 OK in 70ms (Views: 51.7ms | ActiveRecord: 0.0ms)


Started GET "/bookmarks/1" for ::1 at 2020-05-30 16:01:25 +0530
Processing by BookmarksController#show as HTML
  Parameters: {"id"=>"1"}
  [1m[36mBookmark Load (0.0ms)[0m  [1m[34mSELECT  "bookmarks".* FROM "bookmarks" WHERE "bookmarks"."id" = ? LIMIT ?[0m  [["id", 1], ["LIMIT", 1]]
  Rendering bookmarks/show.html.erb within layouts/application
  Rendered bookmarks/show.html.erb within layouts/application (1.0ms)
Completed 200 OK in 73ms (Views: 50.7ms | ActiveRecord: 0.0ms)


Started GET "/bookmarks/1/edit" for ::1 at 2020-05-30 16:01:26 +0530
Processing by BookmarksController#edit as HTML
  Parameters: {"id"=>"1"}
  [1m[36mBookmark Load (1.0ms)[0m  [1m[34mSELECT  "bookmarks".* FROM "bookmarks" WHERE "bookmarks"."id" = ? LIMIT ?[0m  [["id", 1], ["LIMIT", 1]]
  Rendering bookmarks/edit.html.erb within layouts/application
  Rendered bookmarks/_form.html.erb (2.0ms)
  Rendered bookmarks/edit.html.erb within layouts/application (20.0ms)
Completed 200 OK in 88ms (Views: 68.0ms | ActiveRecord: 1.0ms)


Started PATCH "/bookmarks/1" for ::1 at 2020-05-30 16:01:28 +0530
Processing by BookmarksController#update as HTML
  Parameters: {"utf8"=>"✓", "authenticity_token"=>"F0xUJg3B8Q+4Tad9R4yQKtPRZlboz0QJ2VgCz0XZ6RwGJ1PhYd8FZ0STqc4WABcb5mmImIBuKnJnxxqRRu5UYQ==", "commit"=>"Update Bookmark", "id"=>"1"}
  [1m[36mBookmark Load (1.0ms)[0m  [1m[34mSELECT  "bookmarks".* FROM "bookmarks" WHERE "bookmarks"."id" = ? LIMIT ?[0m  [["id", 1], ["LIMIT", 1]]
  [1m[35m (0.0ms)[0m  [1m[36mbegin transaction[0m
  [1m[35m (0.0ms)[0m  [1m[36mcommit transaction[0m
Redirected to http://localhost:3000/bookmarks/1
Completed 302 Found in 6ms (ActiveRecord: 1.0ms)


Started GET "/bookmarks/1" for ::1 at 2020-05-30 16:01:28 +0530
Processing by BookmarksController#show as HTML
  Parameters: {"id"=>"1"}
  [1m[36mBookmark Load (0.0ms)[0m  [1m[34mSELECT  "bookmarks".* FROM "bookmarks" WHERE "bookmarks"."id" = ? LIMIT ?[0m  [["id", 1], ["LIMIT", 1]]
  Rendering bookmarks/show.html.erb within layouts/application
  Rendered bookmarks/show.html.erb within layouts/application (2.0ms)
Completed 200 OK in 76ms (Views: 52.4ms | ActiveRecord: 0.0ms)


Started GET "/bookmarks" for ::1 at 2020-05-30 16:01:30 +0530
Processing by BookmarksController#index as HTML
  Rendering bookmarks/index.html.erb within layouts/application
  [1m[36mBookmark Load (1.0ms)[0m  [1m[34mSELECT "bookmarks".* FROM "bookmarks"[0m
  Rendered bookmarks/index.html.erb within layouts/application (4.0ms)
Completed 200 OK in 69ms (Views: 50.4ms | ActiveRecord: 1.0ms)


Started GET "/bookmarks" for ::1 at 2020-05-30 16:01:48 +0530
Processing by BookmarksController#index as HTML
  Rendering bookmarks/index.html.erb within layouts/application
  [1m[36mBookmark Load (0.0ms)[0m  [1m[34mSELECT "bookmarks".* FROM "bookmarks"[0m
  Rendered bookmarks/index.html.erb within layouts/application (5.0ms)
Completed 200 OK in 82ms (Views: 60.2ms | ActiveRecord: 0.0ms)


Started GET "/bookmarks" for ::1 at 2020-05-30 16:01:51 +0530
Processing by BookmarksController#index as HTML
  Rendering bookmarks/index.html.erb within layouts/application
  [1m[36mBookmark Load (0.0ms)[0m  [1m[34mSELECT "bookmarks".* FROM "bookmarks"[0m
  Rendered bookmarks/index.html.erb within layouts/application (3.3ms)
Completed 200 OK in 74ms (Views: 54.3ms | ActiveRecord: 0.0ms)


Started GET "/bookmarks" for ::1 at 2020-05-30 16:02:01 +0530
Processing by BookmarksController#index as HTML
  Rendering bookmarks/index.html.erb within layouts/application
  [1m[36mBookmark Load (1.0ms)[0m  [1m[34mSELECT "bookmarks".* FROM "bookmarks"[0m
  Rendered bookmarks/index.html.erb within layouts/application (4.0ms)
Completed 200 OK in 81ms (Views: 58.7ms | ActiveRecord: 1.0ms)


